# JRE version: OpenJDK Runtime Environment (8.0_212-b04) (build 1.8.0_212-release-1586-b04)
# Java VM: OpenJDK 64-Bit Server VM (25.212-b04 mixed mode windows-amd64 compressed oops)
Heap:
 PSYoungGen      total 150016K, used 8225K [0x00000000e0000000, 0x00000000ec400000, 0x0000000100000000)
  eden space 134144K, 6% used [0x00000000e0000000,0x00000000e0808478,0x00000000e8300000)
  from space 15872K, 0% used [0x00000000e8300000,0x00000000e8300000,0x00000000e9280000)
  to   space 15360K, 0% used [0x00000000eb500000,0x00000000eb500000,0x00000000ec400000)
 ParOldGen       total 94720K, used 32017K [0x00000000a0000000, 0x00000000a5c80000, 0x00000000e0000000)
  object space 94720K, 33% used [0x00000000a0000000,0x00000000a1f447f8,0x00000000a5c80000)
 Metaspace       used 57387K, capacity 59306K, committed 59480K, reserved 1099776K
  class space    used 7949K, capacity 8413K, committed 8536K, reserved 1048576K
GC Heap History (10 events):
Event: 7.681 GC heap before
{Heap before GC invocations=14 (full 2):
 PSYoungGen      total 120832K, used 4476K [0x00000000e0000000, 0x00000000e8e80000, 0x0000000100000000)
  eden space 112128K, 0% used [0x00000000e0000000,0x00000000e0000000,0x00000000e6d80000)
  from space 8704K, 51% used [0x00000000e7580000,0x00000000e79df378,0x00000000e7e00000)
  to   space 8192K, 0% used [0x00000000e6d80000,0x00000000e6d80000,0x00000000e7580000)
 ParOldGen       total 36352K, used 16304K [0x00000000a0000000, 0x00000000a2380000, 0x00000000e0000000)
  object space 36352K, 44% used [0x00000000a0000000,0x00000000a0fec280,0x00000000a2380000)
 Metaspace       used 34649K, capacity 35382K, committed 35456K, reserved 1079296K
  class space    used 4751K, capacity 4962K, committed 4992K, reserved 1048576K
Event: 7.785 GC heap after
Heap after GC invocations=14 (full 2):
 PSYoungGen      total 120832K, used 0K [0x00000000e0000000, 0x00000000e8e80000, 0x0000000100000000)
  eden space 112128K, 0% used [0x00000000e0000000,0x00000000e0000000,0x00000000e6d80000)
  from space 8704K, 0% used [0x00000000e7580000,0x00000000e7580000,0x00000000e7e00000)
  to   space 8192K, 0% used [0x00000000e6d80000,0x00000000e6d80000,0x00000000e7580000)
 ParOldGen       total 59392K, used 17000K [0x00000000a0000000, 0x00000000a3a00000, 0x00000000e0000000)
  object space 59392K, 28% used [0x00000000a0000000,0x00000000a109a3f8,0x00000000a3a00000)
 Metaspace       used 34641K, capacity 35358K, committed 35456K, reserved 1079296K
  class space    used 4749K, capacity 4958K, committed 4992K, reserved 1048576K
}
Event: 10.157 GC heap before
{Heap before GC invocations=15 (full 2):
 PSYoungGen      total 120832K, used 112128K [0x00000000e0000000, 0x00000000e8e80000, 0x0000000100000000)
  eden space 112128K, 100% used [0x00000000e0000000,0x00000000e6d80000,0x00000000e6d80000)
  from space 8704K, 0% used [0x00000000e7580000,0x00000000e7580000,0x00000000e7e00000)
  to   space 8192K, 0% used [0x00000000e6d80000,0x00000000e6d80000,0x00000000e7580000)
 ParOldGen       total 59392K, used 17000K [0x00000000a0000000, 0x00000000a3a00000, 0x00000000e0000000)
  object space 59392K, 28% used [0x00000000a0000000,0x00000000a109a3f8,0x00000000a3a00000)
 Metaspace       used 45360K, capacity 46484K, committed 46592K, reserved 1089536K
  class space    used 6091K, capacity 6396K, committed 6400K, reserved 1048576K
Event: 10.184 GC heap after
Heap after GC invocations=15 (full 2):
 PSYoungGen      total 120320K, used 8160K [0x00000000e0000000, 0x00000000e9e00000, 0x0000000100000000)
  eden space 112128K, 0% used [0x00000000e0000000,0x00000000e0000000,0x00000000e6d80000)
  from space 8192K, 99% used [0x00000000e6d80000,0x00000000e75782c0,0x00000000e7580000)
  to   space 11776K, 0% used [0x00000000e9280000,0x00000000e9280000,0x00000000e9e00000)
 ParOldGen       total 59392K, used 23413K [0x00000000a0000000, 0x00000000a3a00000, 0x00000000e0000000)
  object space 59392K, 39% used [0x00000000a0000000,0x00000000a16dd528,0x00000000a3a00000)
 Metaspace       used 45360K, capacity 46484K, committed 46592K, reserved 1089536K
  class space    used 6091K, capacity 6396K, committed 6400K, reserved 1048576K
}
Event: 12.407 GC heap before
{Heap before GC invocations=16 (full 2):
 PSYoungGen      total 120320K, used 120288K [0x00000000e0000000, 0x00000000e9e00000, 0x0000000100000000)
  eden space 112128K, 100% used [0x00000000e0000000,0x00000000e6d80000,0x00000000e6d80000)
  from space 8192K, 99% used [0x00000000e6d80000,0x00000000e75782c0,0x00000000e7580000)
  to   space 11776K, 0% used [0x00000000e9280000,0x00000000e9280000,0x00000000e9e00000)
 ParOldGen       total 59392K, used 23413K [0x00000000a0000000, 0x00000000a3a00000, 0x00000000e0000000)
  object space 59392K, 39% used [0x00000000a0000000,0x00000000a16dd528,0x00000000a3a00000)
 Metaspace       used 54869K, capacity 56564K, committed 56704K, reserved 1097728K
  class space    used 7549K, capacity 7963K, committed 8064K, reserved 1048576K
Event: 12.430 GC heap after
Heap after GC invocations=16 (full 2):
 PSYoungGen      total 145920K, used 11756K [0x00000000e0000000, 0x00000000ea580000, 0x0000000100000000)
  eden space 134144K, 0% used [0x00000000e0000000,0x00000000e0000000,0x00000000e8300000)
  from space 11776K, 99% used [0x00000000e9280000,0x00000000e9dfb180,0x00000000e9e00000)
  to   space 15872K, 0% used [0x00000000e8300000,0x00000000e8300000,0x00000000e9280000)
 ParOldGen       total 59392K, used 30245K [0x00000000a0000000, 0x00000000a3a00000, 0x00000000e0000000)
  object space 59392K, 50% used [0x00000000a0000000,0x00000000a1d89778,0x00000000a3a00000)
 Metaspace       used 54869K, capacity 56564K, committed 56704K, reserved 1097728K
  class space    used 7549K, capacity 7963K, committed 8064K, reserved 1048576K
}
Event: 13.398 GC heap before
{Heap before GC invocations=17 (full 2):
 PSYoungGen      total 145920K, used 54287K [0x00000000e0000000, 0x00000000ea580000, 0x0000000100000000)
  eden space 134144K, 31% used [0x00000000e0000000,0x00000000e2988db8,0x00000000e8300000)
  from space 11776K, 99% used [0x00000000e9280000,0x00000000e9dfb180,0x00000000e9e00000)
  to   space 15872K, 0% used [0x00000000e8300000,0x00000000e8300000,0x00000000e9280000)
 ParOldGen       total 59392K, used 30245K [0x00000000a0000000, 0x00000000a3a00000, 0x00000000e0000000)
  object space 59392K, 50% used [0x00000000a0000000,0x00000000a1d89778,0x00000000a3a00000)
 Metaspace       used 57156K, capacity 59060K, committed 59096K, reserved 1099776K
  class space    used 7905K, capacity 8372K, committed 8408K, reserved 1048576K
Event: 13.427 GC heap after
Heap after GC invocations=17 (full 2):
 PSYoungGen      total 150016K, used 5302K [0x00000000e0000000, 0x00000000ec400000, 0x0000000100000000)
  eden space 134144K, 0% used [0x00000000e0000000,0x00000000e0000000,0x00000000e8300000)
  from space 15872K, 33% used [0x00000000e8300000,0x00000000e882d9c0,0x00000000e9280000)
  to   space 15360K, 0% used [0x00000000eb500000,0x00000000eb500000,0x00000000ec400000)
 ParOldGen       total 59392K, used 36167K [0x00000000a0000000, 0x00000000a3a00000, 0x00000000e0000000)
  object space 59392K, 60% used [0x00000000a0000000,0x00000000a2351db8,0x00000000a3a00000)
 Metaspace       used 57156K, capacity 59060K, committed 59096K, reserved 1099776K
  class space    used 7905K, capacity 8372K, committed 8408K, reserved 1048576K
}
Event: 13.427 GC heap before
{Heap before GC invocations=18 (full 3):
 PSYoungGen      total 150016K, used 5302K [0x00000000e0000000, 0x00000000ec400000, 0x0000000100000000)
  eden space 134144K, 0% used [0x00000000e0000000,0x00000000e0000000,0x00000000e8300000)
  from space 15872K, 33% used [0x00000000e8300000,0x00000000e882d9c0,0x00000000e9280000)
  to   space 15360K, 0% used [0x00000000eb500000,0x00000000eb500000,0x00000000ec400000)
 ParOldGen       total 59392K, used 36167K [0x00000000a0000000, 0x00000000a3a00000, 0x00000000e0000000)
  object space 59392K, 60% used [0x00000000a0000000,0x00000000a2351db8,0x00000000a3a00000)
 Metaspace       used 57156K, capacity 59060K, committed 59096K, reserved 1099776K
  class space    used 7905K, capacity 8372K, committed 8408K, reserved 1048576K
Event: 13.841 GC heap after
Heap after GC invocations=18 (full 3):
 PSYoungGen      total 150016K, used 0K [0x00000000e0000000, 0x00000000ec400000, 0x0000000100000000)
  eden space 134144K, 0% used [0x00000000e0000000,0x00000000e0000000,0x00000000e8300000)
  from space 15872K, 0% used [0x00000000e8300000,0x00000000e8300000,0x00000000e9280000)
  to   space 15360K, 0% used [0x00000000eb500000,0x00000000eb500000,0x00000000ec400000)
 ParOldGen       total 94720K, used 32017K [0x00000000a0000000, 0x00000000a5c80000, 0x00000000e0000000)
  object space 94720K, 33% used [0x00000000a0000000,0x00000000a1f447f8,0x00000000a5c80000)
 Metaspace       used 57125K, capacity 58984K, committed 59096K, reserved 1099776K
  class space    used 7895K, capacity 8354K, committed 8408K, reserved 1048576K
}

